<?xml version="1.0" encoding="UTF-8"?>
<!-- Generated by org.testng.reporters.JUnitReportReporter -->
<testsuite hostname="ASPLAP1049" failures="0" tests="1" name="com.example.report.TestSuite1.sampleTestCase" time="6.074" errors="0" timestamp="2024-04-08T12:59:20 IST" skipped="0">
  <testcase classname="com.example.report.TestSuite1.sampleTestCase" name="main" time="6.074"/>
  <system-out/>
</testsuite> <!-- com.example.report.TestSuite1.sampleTestCase -->
