<?xml version="1.0" encoding="UTF-8"?>
<!-- Generated by org.testng.reporters.JUnitReportReporter -->
<testsuite hostname="ASPLAP1049" failures="0" tests="1" name="com.example.report.TestSuite1.websiteLaunch" time="0.143" errors="0" timestamp="2024-02-27T19:53:27 IST" skipped="0">
  <testcase classname="com.example.report.TestSuite1.websiteLaunch" name="testSearchFunctionality" time="0.143"/>
  <system-out/>
</testsuite> <!-- com.example.report.TestSuite1.websiteLaunch -->
